Arguments: 
  /usr/local/Cellar/node/16.9.0/bin/node /usr/local/Cellar/yarn/1.22.10/libexec/bin/yarn.js add @nyaruka/floweditor

PATH: 
  /Users/keldotcom/Documents/keeya/rich/mondo/venv/bin:/usr/local/bin:/usr/local/opt/curl/bin:/usr/local/opt/llvm/bin:/usr/local/opt/libpq/bin:/usr/local/opt/curl/bin:/usr/local/opt/binutils/bin:/usr/local/opt/python@3.8/bin:/usr/local/bin:/usr/bin:/bin:/usr/sbin:/sbin:/Library/Apple/usr/bin:/usr/local/opt/curl/bin:/usr/local/opt/llvm/bin:/usr/local/opt/libpq/bin:/usr/local/opt/binutils/bin:/usr/local/opt/python@3.8/bin:/Users/keldotcom/Library/Android/sdk/emulator:/Users/keldotcom/Library/Android/sdk/tools:/Users/keldotcom/Library/Android/sdk/tools/bin:/Users/keldotcom/Library/Android/sdk/platform-tools:/Users/keldotcom/Library/Android/sdk/emulator:/Users/keldotcom/Library/Android/sdk/tools:/Users/keldotcom/Library/Android/sdk/tools/bin:/Users/keldotcom/Library/Android/sdk/platform-tools

Yarn version: 
  1.22.10

Node version: 
  16.9.0

Platform: 
  darwin x64

Trace: 
  Error: https://registry.yarnpkg.com/@nyaruka%2ffloweditor: Not found
      at Request.params.callback [as _callback] (/usr/local/Cellar/yarn/1.22.10/libexec/lib/cli.js:66988:18)
      at Request.self.callback (/usr/local/Cellar/yarn/1.22.10/libexec/lib/cli.js:140749:22)
      at Request.emit (node:events:394:28)
      at Request.<anonymous> (/usr/local/Cellar/yarn/1.22.10/libexec/lib/cli.js:141721:10)
      at Request.emit (node:events:394:28)
      at IncomingMessage.<anonymous> (/usr/local/Cellar/yarn/1.22.10/libexec/lib/cli.js:141643:12)
      at Object.onceWrapper (node:events:513:28)
      at IncomingMessage.emit (node:events:406:35)
      at endReadableNT (node:internal/streams/readable:1343:12)
      at processTicksAndRejections (node:internal/process/task_queues:83:21)

npm manifest: 
  {
    "name": "mondo",
    "version": "1.0.25",
    "description": "Mondo is application allows users to easily create USSD menus using intuitive js flows.It also has advanced SMS sending capabilities",
    "main": "None",
    "repository": "https://github.com/ekeeya/mondo",
    "author": "Keeya Emmanuel",
    "license": "MIT",
    "dependencies": {
      "animate.css": "3.7.2",
      "awesome-bootstrap-checkbox": "1.0.1",
      "backbone": "1.4.0",
      "bootstrap": "4.5.2",
      "bootstrap-select": "1.13.18",
      "font-awesome": "4.7.0",
      "hammerjs": "^2.0.8",
      "jquery": "2.1.4",
      "jquery-hammerjs": "^2.0.0",
      "jquery-pjax": "2.0.1",
      "jquery-slimscroll": "^1.3.8",
      "jquery-ui": "1.12.1",
      "line-awesome": "1.3.0",
      "pace.js": "https://github.com/HubSpot/pace.git#v0.7.1",
      "widgster": "0.0.3"
    },
    "devDependencies": {
      "glyphicons-halflings": "*",
      "popper.js": "1.14.7"
    }
  }

yarn manifest: 
  No manifest

Lockfile: 
  # THIS IS AN AUTOGENERATED FILE. DO NOT EDIT THIS FILE DIRECTLY.
  # yarn lockfile v1
  
  
  animate.css@3.7.2:
    version "3.7.2"
    resolved "https://registry.npmjs.org/animate.css/-/animate.css-3.7.2.tgz"
    integrity sha512-0bE8zYo7C0KvgOYrSVfrzkbYk6IOTVPNqkiHg2cbyF4Pq/PXzilz4BRWA3hwEUBoMp5VBgrC29lQIZyhRWdBTw==
  
  awesome-bootstrap-checkbox@1.0.1:
    version "1.0.1"
    resolved "https://registry.npmjs.org/awesome-bootstrap-checkbox/-/awesome-bootstrap-checkbox-1.0.1.tgz"
    integrity sha1-2rEBRrYAESmrCg7B5Uu3fGwwRXo=
  
  backbone@1.4.0:
    version "1.4.0"
    resolved "https://registry.npmjs.org/backbone/-/backbone-1.4.0.tgz"
    integrity sha512-RLmDrRXkVdouTg38jcgHhyQ/2zjg7a8E6sz2zxfz21Hh17xDJYUHBZimVIt5fUyS8vbfpeSmTL3gUjTEvUV3qQ==
    dependencies:
      underscore ">=1.8.3"
  
  bootstrap-select@1.13.18:
    version "1.13.18"
    resolved "https://registry.npmjs.org/bootstrap-select/-/bootstrap-select-1.13.18.tgz"
    integrity sha512-V1IzK4rxBq5FrJtkzSH6RmFLFBsjx50byFbfAf8jYyXROWs7ZpprGjdHeoyq2HSsHyjJhMMwjsQhRoYAfxCGow==
  
  bootstrap@4.5.2:
    version "4.5.2"
    resolved "https://registry.npmjs.org/bootstrap/-/bootstrap-4.5.2.tgz"
    integrity sha512-vlGn0bcySYl/iV+BGA544JkkZP5LB3jsmkeKLFQakCOwCM3AOk7VkldBz4jrzSe+Z0Ezn99NVXa1o45cQY4R6A==
  
  font-awesome@4.7.0:
    version "4.7.0"
    resolved "https://registry.yarnpkg.com/font-awesome/-/font-awesome-4.7.0.tgz#8fa8cf0411a1a31afd07b06d2902bb9fc815a133"
    integrity sha1-j6jPBBGhoxr9B7BtKQK7n8gVoTM=
  
  glyphicons-halflings@*:
    version "1.9.1"
    resolved "https://registry.npmjs.org/glyphicons-halflings/-/glyphicons-halflings-1.9.1.tgz"
    integrity sha1-GOcvIANCQAOKXohDg7t5ReLdJio=
  
  hammerjs@2.0.x, hammerjs@^2.0.8:
    version "2.0.8"
    resolved "https://registry.npmjs.org/hammerjs/-/hammerjs-2.0.8.tgz"
    integrity sha1-BO93hiz/K7edMPdpIJWTAiK/YPE=
  
  jquery-hammerjs@^2.0.0:
    version "2.0.0"
    resolved "https://registry.npmjs.org/jquery-hammerjs/-/jquery-hammerjs-2.0.0.tgz"
    integrity sha1-CLUY+iX7Hozo/jISw4faU7vhQEg=
    dependencies:
      hammerjs "2.0.x"
      jquery "2.1.x"
  
  jquery-pjax@2.0.1:
    version "2.0.1"
    resolved "https://registry.npmjs.org/jquery-pjax/-/jquery-pjax-2.0.1.tgz"
    integrity sha1-azoboW5kTmJL3P5y62s9lqhG9fI=
  
  jquery-slimscroll@^1.3.8:
    version "1.3.8"
    resolved "https://registry.yarnpkg.com/jquery-slimscroll/-/jquery-slimscroll-1.3.8.tgz#8481c44e7a47687653908a28f7f70aed64c84e36"
    integrity sha1-hIHETnpHaHZTkIoo9/cK7WTITjY=
    dependencies:
      jquery ">= 1.7"
  
  jquery-ui@1.12.1:
    version "1.12.1"
    resolved "https://registry.npmjs.org/jquery-ui/-/jquery-ui-1.12.1.tgz"
    integrity sha1-vLQEXI3QU5wTS8FIjN0+dop6nlE=
  
  jquery@2.1.4, jquery@2.1.x:
    version "2.1.4"
    resolved "https://registry.npmjs.org/jquery/-/jquery-2.1.4.tgz"
    integrity sha1-IoveaYoMYUMdwmMKahVPFYkNIxc=
  
  "jquery@>= 1.7":
    version "3.6.0"
    resolved "https://registry.yarnpkg.com/jquery/-/jquery-3.6.0.tgz#c72a09f15c1bdce142f49dbf1170bdf8adac2470"
    integrity sha512-JVzAR/AjBvVt2BmYhxRCSYysDsPcssdmTFnzyLEts9qNwmjmu4JTAMYubEfwVOSwpQ1I1sKKFcxhZCI2buerfw==
  
  line-awesome@1.3.0:
    version "1.3.0"
    resolved "https://registry.yarnpkg.com/line-awesome/-/line-awesome-1.3.0.tgz#51d59fe311ed040d22d8e80d3aa0b9a4b57e6cd3"
    integrity sha512-Y0YHksL37ixDsHz+ihCwOtF5jwJgCDxQ3q+zOVgaSW8VugHGTsZZXMacPYZB1/JULBi6BAuTCTek+4ZY/UIwcw==
  
  "pace.js@https://github.com/HubSpot/pace.git#v0.7.1":
    version "0.7.1"
    resolved "git+ssh://git@github.com/HubSpot/pace.git#6ecca7c3f3343cc9d05d50a0010c909c2bad06b1"
  
  popper.js@1.14.7:
    version "1.14.7"
    resolved "https://registry.npmjs.org/popper.js/-/popper.js-1.14.7.tgz"
    integrity sha512-4q1hNvoUre/8srWsH7hnoSJ5xVmIL4qgz+s4qf2TnJIMyZFUFMGH+9vE7mXynAlHSZ/NdTmmow86muD0myUkVQ==
  
  underscore@>=1.8.3:
    version "1.13.1"
    resolved "https://registry.npmjs.org/underscore/-/underscore-1.13.1.tgz"
    integrity sha512-hzSoAVtJF+3ZtiFX0VgfFPHEDRm7Y/QPjGyNo4TVdnDTdft3tr8hEkD25a1jC+TjTuE7tkHGKkhwCgs9dgBB2g==
  
  widgster@0.0.3:
    version "0.0.3"
    resolved "https://registry.npmjs.org/widgster/-/widgster-0.0.3.tgz"
    integrity sha1-xdOW/03oXeNcCSEeI8ADt0rvzz0=
